[2013-08-17 19:38:10] request.INFO: Matched route "sonata_admin_dashboard" (parameters: "_controller": "Sonata\AdminBundle\Controller\CoreController::dashboardAction", "_route": "sonata_admin_dashboard") [] []
[2013-08-17 19:38:11] security.INFO: Populated SecurityContext with an anonymous Token [] []
[2013-08-17 19:38:11] security.DEBUG: Access is denied (user is not fully authenticated) by "/vagrant/vendor/symfony/symfony/src/Symfony/Component/Security/Http/Firewall/AccessListener.php" at line 73; redirecting to authentication entry point [] []
[2013-08-17 19:38:11] security.DEBUG: Calling Authentication entry point [] []
[2013-08-17 19:38:11] request.CRITICAL: Uncaught PHP Exception RuntimeException: "Failed to start the session because headers have already been sent by "/vagrant/vendor/monolog/monolog/src/Monolog/Logger.php" at line 209." at /vagrant/vendor/symfony/symfony/src/Symfony/Component/HttpFoundation/Session/Storage/NativeSessionStorage.php line 144 {"exception":"[object] (RuntimeException: Failed to start the session because headers have already been sent by \"/vagrant/vendor/monolog/monolog/src/Monolog/Logger.php\" at line 209. at /vagrant/vendor/symfony/symfony/src/Symfony/Component/HttpFoundation/Session/Storage/NativeSessionStorage.php:144)"} []
[2013-08-17 19:38:10] request.INFO: Matched route "homepage" (parameters: "_route": "homepage") [] []
[2013-08-17 19:38:11] security.INFO: Populated SecurityContext with an anonymous Token [] []
[2013-08-17 19:38:11] request.WARNING: Unable to look for the controller as the "_controller" parameter is missing [] []
[2013-08-17 19:38:11] request.ERROR: Uncaught PHP Exception Symfony\Component\HttpKernel\Exception\NotFoundHttpException: "Unable to find the controller for path "/". Maybe you forgot to add the matching route in your routing configuration?" at /vagrant/app/bootstrap.php.cache line 2799 {"exception":"[object] (Symfony\\Component\\HttpKernel\\Exception\\NotFoundHttpException: Unable to find the controller for path \"/\". Maybe you forgot to add the matching route in your routing configuration? at /vagrant/app/bootstrap.php.cache:2799)"} []
[2013-08-17 19:38:12] security.DEBUG: Write SecurityContext in the session [] []
[2013-08-17 19:38:12] security.DEBUG: Write SecurityContext in the session [] []
[2013-08-17 19:38:20] request.INFO: Matched route "sonata_admin_dashboard" (parameters: "_controller": "Sonata\AdminBundle\Controller\CoreController::dashboardAction", "_route": "sonata_admin_dashboard") [] []
[2013-08-17 19:38:20] security.INFO: Populated SecurityContext with an anonymous Token [] []
[2013-08-17 19:38:20] security.DEBUG: Access is denied (user is not fully authenticated) by "/vagrant/vendor/symfony/symfony/src/Symfony/Component/Security/Http/Firewall/AccessListener.php" at line 73; redirecting to authentication entry point [] []
[2013-08-17 19:38:20] security.DEBUG: Calling Authentication entry point [] []
[2013-08-17 19:38:20] request.CRITICAL: Uncaught PHP Exception RuntimeException: "Failed to start the session because headers have already been sent by "/vagrant/app/cache/prod/classes.php" at line 5046." at /vagrant/app/cache/prod/classes.php line 105 {"exception":"[object] (RuntimeException: Failed to start the session because headers have already been sent by \"/vagrant/app/cache/prod/classes.php\" at line 5046. at /vagrant/app/cache/prod/classes.php:105)"} []
[2013-08-17 19:38:20] security.DEBUG: Write SecurityContext in the session [] []
[2013-08-17 19:38:22] request.INFO: Matched route "sonata_admin_dashboard" (parameters: "_controller": "Sonata\AdminBundle\Controller\CoreController::dashboardAction", "_route": "sonata_admin_dashboard") [] []
[2013-08-17 19:38:22] security.INFO: Populated SecurityContext with an anonymous Token [] []
[2013-08-17 19:38:22] security.DEBUG: Access is denied (user is not fully authenticated) by "/vagrant/vendor/symfony/symfony/src/Symfony/Component/Security/Http/Firewall/AccessListener.php" at line 73; redirecting to authentication entry point [] []
[2013-08-17 19:38:22] security.DEBUG: Calling Authentication entry point [] []
[2013-08-17 19:38:22] request.CRITICAL: Uncaught PHP Exception RuntimeException: "Failed to start the session because headers have already been sent by "/vagrant/app/cache/prod/classes.php" at line 5046." at /vagrant/app/cache/prod/classes.php line 105 {"exception":"[object] (RuntimeException: Failed to start the session because headers have already been sent by \"/vagrant/app/cache/prod/classes.php\" at line 5046. at /vagrant/app/cache/prod/classes.php:105)"} []
[2013-08-17 19:38:22] security.DEBUG: Write SecurityContext in the session [] []
[2013-08-17 19:38:22] request.INFO: Matched route "sonata_admin_dashboard" (parameters: "_controller": "Sonata\AdminBundle\Controller\CoreController::dashboardAction", "_route": "sonata_admin_dashboard") [] []
[2013-08-17 19:38:23] security.INFO: Populated SecurityContext with an anonymous Token [] []
[2013-08-17 19:38:23] security.DEBUG: Access is denied (user is not fully authenticated) by "/vagrant/vendor/symfony/symfony/src/Symfony/Component/Security/Http/Firewall/AccessListener.php" at line 73; redirecting to authentication entry point [] []
[2013-08-17 19:38:23] security.DEBUG: Calling Authentication entry point [] []
[2013-08-17 19:38:23] request.CRITICAL: Uncaught PHP Exception RuntimeException: "Failed to start the session because headers have already been sent by "/vagrant/app/cache/prod/classes.php" at line 5046." at /vagrant/app/cache/prod/classes.php line 105 {"exception":"[object] (RuntimeException: Failed to start the session because headers have already been sent by \"/vagrant/app/cache/prod/classes.php\" at line 5046. at /vagrant/app/cache/prod/classes.php:105)"} []
[2013-08-17 19:38:23] security.DEBUG: Write SecurityContext in the session [] []
[2013-08-17 19:38:23] request.INFO: Matched route "sonata_admin_dashboard" (parameters: "_controller": "Sonata\AdminBundle\Controller\CoreController::dashboardAction", "_route": "sonata_admin_dashboard") [] []
[2013-08-17 19:38:23] security.INFO: Populated SecurityContext with an anonymous Token [] []
[2013-08-17 19:38:23] security.DEBUG: Access is denied (user is not fully authenticated) by "/vagrant/vendor/symfony/symfony/src/Symfony/Component/Security/Http/Firewall/AccessListener.php" at line 73; redirecting to authentication entry point [] []
[2013-08-17 19:38:23] security.DEBUG: Calling Authentication entry point [] []
[2013-08-17 19:38:23] request.CRITICAL: Uncaught PHP Exception RuntimeException: "Failed to start the session because headers have already been sent by "/vagrant/app/cache/prod/classes.php" at line 5046." at /vagrant/app/cache/prod/classes.php line 105 {"exception":"[object] (RuntimeException: Failed to start the session because headers have already been sent by \"/vagrant/app/cache/prod/classes.php\" at line 5046. at /vagrant/app/cache/prod/classes.php:105)"} []
[2013-08-17 19:38:23] security.DEBUG: Write SecurityContext in the session [] []
[2013-08-17 19:38:23] request.INFO: Matched route "sonata_admin_dashboard" (parameters: "_controller": "Sonata\AdminBundle\Controller\CoreController::dashboardAction", "_route": "sonata_admin_dashboard") [] []
[2013-08-17 19:38:23] security.INFO: Populated SecurityContext with an anonymous Token [] []
[2013-08-17 19:38:23] security.DEBUG: Access is denied (user is not fully authenticated) by "/vagrant/vendor/symfony/symfony/src/Symfony/Component/Security/Http/Firewall/AccessListener.php" at line 73; redirecting to authentication entry point [] []
[2013-08-17 19:38:23] security.DEBUG: Calling Authentication entry point [] []
[2013-08-17 19:38:23] request.CRITICAL: Uncaught PHP Exception RuntimeException: "Failed to start the session because headers have already been sent by "/vagrant/app/cache/prod/classes.php" at line 5046." at /vagrant/app/cache/prod/classes.php line 105 {"exception":"[object] (RuntimeException: Failed to start the session because headers have already been sent by \"/vagrant/app/cache/prod/classes.php\" at line 5046. at /vagrant/app/cache/prod/classes.php:105)"} []
[2013-08-17 19:38:23] security.DEBUG: Write SecurityContext in the session [] []
[2013-08-17 19:38:23] request.INFO: Matched route "sonata_admin_dashboard" (parameters: "_controller": "Sonata\AdminBundle\Controller\CoreController::dashboardAction", "_route": "sonata_admin_dashboard") [] []
[2013-08-17 19:38:23] security.INFO: Populated SecurityContext with an anonymous Token [] []
[2013-08-17 19:38:23] security.DEBUG: Access is denied (user is not fully authenticated) by "/vagrant/vendor/symfony/symfony/src/Symfony/Component/Security/Http/Firewall/AccessListener.php" at line 73; redirecting to authentication entry point [] []
[2013-08-17 19:38:23] security.DEBUG: Calling Authentication entry point [] []
[2013-08-17 19:38:23] request.CRITICAL: Uncaught PHP Exception RuntimeException: "Failed to start the session because headers have already been sent by "/vagrant/app/cache/prod/classes.php" at line 5046." at /vagrant/app/cache/prod/classes.php line 105 {"exception":"[object] (RuntimeException: Failed to start the session because headers have already been sent by \"/vagrant/app/cache/prod/classes.php\" at line 5046. at /vagrant/app/cache/prod/classes.php:105)"} []
[2013-08-17 19:38:23] security.DEBUG: Write SecurityContext in the session [] []
[2013-08-17 19:38:24] request.INFO: Matched route "sonata_admin_dashboard" (parameters: "_controller": "Sonata\AdminBundle\Controller\CoreController::dashboardAction", "_route": "sonata_admin_dashboard") [] []
[2013-08-17 19:38:24] security.INFO: Populated SecurityContext with an anonymous Token [] []
[2013-08-17 19:38:24] security.DEBUG: Access is denied (user is not fully authenticated) by "/vagrant/vendor/symfony/symfony/src/Symfony/Component/Security/Http/Firewall/AccessListener.php" at line 73; redirecting to authentication entry point [] []
[2013-08-17 19:38:24] security.DEBUG: Calling Authentication entry point [] []
[2013-08-17 19:38:24] request.CRITICAL: Uncaught PHP Exception RuntimeException: "Failed to start the session because headers have already been sent by "/vagrant/app/cache/prod/classes.php" at line 5046." at /vagrant/app/cache/prod/classes.php line 105 {"exception":"[object] (RuntimeException: Failed to start the session because headers have already been sent by \"/vagrant/app/cache/prod/classes.php\" at line 5046. at /vagrant/app/cache/prod/classes.php:105)"} []
[2013-08-17 19:38:24] security.DEBUG: Write SecurityContext in the session [] []
[2013-08-17 19:38:24] request.INFO: Matched route "sonata_admin_dashboard" (parameters: "_controller": "Sonata\AdminBundle\Controller\CoreController::dashboardAction", "_route": "sonata_admin_dashboard") [] []
[2013-08-17 19:38:24] security.INFO: Populated SecurityContext with an anonymous Token [] []
[2013-08-17 19:38:24] security.DEBUG: Access is denied (user is not fully authenticated) by "/vagrant/vendor/symfony/symfony/src/Symfony/Component/Security/Http/Firewall/AccessListener.php" at line 73; redirecting to authentication entry point [] []
[2013-08-17 19:38:24] security.DEBUG: Calling Authentication entry point [] []
[2013-08-17 19:38:24] request.CRITICAL: Uncaught PHP Exception RuntimeException: "Failed to start the session because headers have already been sent by "/vagrant/app/cache/prod/classes.php" at line 5046." at /vagrant/app/cache/prod/classes.php line 105 {"exception":"[object] (RuntimeException: Failed to start the session because headers have already been sent by \"/vagrant/app/cache/prod/classes.php\" at line 5046. at /vagrant/app/cache/prod/classes.php:105)"} []
[2013-08-17 19:38:24] security.DEBUG: Write SecurityContext in the session [] []
[2013-08-17 19:38:25] request.INFO: Matched route "sonata_admin_dashboard" (parameters: "_controller": "Sonata\AdminBundle\Controller\CoreController::dashboardAction", "_route": "sonata_admin_dashboard") [] []
[2013-08-17 19:38:25] security.INFO: Populated SecurityContext with an anonymous Token [] []
[2013-08-17 19:38:25] security.DEBUG: Access is denied (user is not fully authenticated) by "/vagrant/vendor/symfony/symfony/src/Symfony/Component/Security/Http/Firewall/AccessListener.php" at line 73; redirecting to authentication entry point [] []
[2013-08-17 19:38:25] security.DEBUG: Calling Authentication entry point [] []
[2013-08-17 19:38:25] request.CRITICAL: Uncaught PHP Exception RuntimeException: "Failed to start the session because headers have already been sent by "/vagrant/app/cache/prod/classes.php" at line 5046." at /vagrant/app/cache/prod/classes.php line 105 {"exception":"[object] (RuntimeException: Failed to start the session because headers have already been sent by \"/vagrant/app/cache/prod/classes.php\" at line 5046. at /vagrant/app/cache/prod/classes.php:105)"} []
[2013-08-17 19:38:25] security.DEBUG: Write SecurityContext in the session [] []
[2013-08-17 19:38:25] request.INFO: Matched route "sonata_admin_dashboard" (parameters: "_controller": "Sonata\AdminBundle\Controller\CoreController::dashboardAction", "_route": "sonata_admin_dashboard") [] []
[2013-08-17 19:38:25] security.INFO: Populated SecurityContext with an anonymous Token [] []
[2013-08-17 19:38:25] security.DEBUG: Access is denied (user is not fully authenticated) by "/vagrant/vendor/symfony/symfony/src/Symfony/Component/Security/Http/Firewall/AccessListener.php" at line 73; redirecting to authentication entry point [] []
[2013-08-17 19:38:25] security.DEBUG: Calling Authentication entry point [] []
[2013-08-17 19:38:25] request.CRITICAL: Uncaught PHP Exception RuntimeException: "Failed to start the session because headers have already been sent by "/vagrant/app/cache/prod/classes.php" at line 5046." at /vagrant/app/cache/prod/classes.php line 105 {"exception":"[object] (RuntimeException: Failed to start the session because headers have already been sent by \"/vagrant/app/cache/prod/classes.php\" at line 5046. at /vagrant/app/cache/prod/classes.php:105)"} []
[2013-08-17 19:38:25] security.DEBUG: Write SecurityContext in the session [] []
[2013-08-17 19:38:49] request.INFO: Matched route "homepage" (parameters: "_route": "homepage") [] []
[2013-08-17 19:38:49] security.INFO: Populated SecurityContext with an anonymous Token [] []
[2013-08-17 19:38:49] request.WARNING: Unable to look for the controller as the "_controller" parameter is missing [] []
[2013-08-17 19:38:49] request.ERROR: Uncaught PHP Exception Symfony\Component\HttpKernel\Exception\NotFoundHttpException: "Unable to find the controller for path "/". Maybe you forgot to add the matching route in your routing configuration?" at /vagrant/app/bootstrap.php.cache line 2799 {"exception":"[object] (Symfony\\Component\\HttpKernel\\Exception\\NotFoundHttpException: Unable to find the controller for path \"/\". Maybe you forgot to add the matching route in your routing configuration? at /vagrant/app/bootstrap.php.cache:2799)"} []
[2013-08-17 19:38:49] security.DEBUG: Write SecurityContext in the session [] []
[2013-08-17 19:44:06] request.INFO: Matched route "homepage" (parameters: "_route": "homepage") [] []
[2013-08-17 19:44:06] security.INFO: Populated SecurityContext with an anonymous Token [] []
[2013-08-17 19:44:06] request.WARNING: Unable to look for the controller as the "_controller" parameter is missing [] []
[2013-08-17 19:44:06] request.ERROR: Uncaught PHP Exception Symfony\Component\HttpKernel\Exception\NotFoundHttpException: "Unable to find the controller for path "/". Maybe you forgot to add the matching route in your routing configuration?" at /vagrant/app/bootstrap.php.cache line 2799 {"exception":"[object] (Symfony\\Component\\HttpKernel\\Exception\\NotFoundHttpException: Unable to find the controller for path \"/\". Maybe you forgot to add the matching route in your routing configuration? at /vagrant/app/bootstrap.php.cache:2799)"} []
[2013-08-17 19:44:06] security.DEBUG: Write SecurityContext in the session [] []
[2013-08-17 15:57:40] request.ERROR: Uncaught PHP Exception Symfony\Component\HttpKernel\Exception\NotFoundHttpException: "No route found for "GET /app_dev/admin/login"" at /vagrant/app/cache/prod/classes.php line 1880 {"exception":"[object] (Symfony\\Component\\HttpKernel\\Exception\\NotFoundHttpException: No route found for \"GET /app_dev/admin/login\" at /vagrant/app/cache/prod/classes.php:1880, Symfony\\Component\\Routing\\Exception\\ResourceNotFoundException:  at /vagrant/app/cache/prod/appProdUrlMatcher.php:332)"} []
[2013-08-18 02:25:29] request.INFO: Matched route "sonata_admin_dashboard" (parameters: "_controller": "Sonata\AdminBundle\Controller\CoreController::dashboardAction", "_route": "sonata_admin_dashboard") [] []
[2013-08-18 02:25:30] security.INFO: Populated SecurityContext with an anonymous Token [] []
[2013-08-18 02:25:30] security.DEBUG: Access is denied (user is not fully authenticated) by "/vagrant/vendor/symfony/symfony/src/Symfony/Component/Security/Http/Firewall/AccessListener.php" at line 73; redirecting to authentication entry point [] []
[2013-08-18 02:25:30] security.DEBUG: Calling Authentication entry point [] []
[2013-08-18 02:25:30] request.CRITICAL: Uncaught PHP Exception RuntimeException: "Failed to start the session because headers have already been sent by "/vagrant/app/cache/prod/classes.php" at line 5046." at /vagrant/app/cache/prod/classes.php line 105 {"exception":"[object] (RuntimeException: Failed to start the session because headers have already been sent by \"/vagrant/app/cache/prod/classes.php\" at line 5046. at /vagrant/app/cache/prod/classes.php:105)"} []
[2013-08-18 02:25:31] security.DEBUG: Write SecurityContext in the session [] []
[2013-08-18 02:25:48] request.INFO: Matched route "sonata_admin_dashboard" (parameters: "_controller": "Sonata\AdminBundle\Controller\CoreController::dashboardAction", "_route": "sonata_admin_dashboard") [] []
[2013-08-18 02:25:48] request.CRITICAL: Uncaught PHP Exception RuntimeException: "Failed to start the session because headers have already been sent by "/vagrant/app/cache/prod/classes.php" at line 5046." at /vagrant/app/cache/prod/classes.php line 105 {"exception":"[object] (RuntimeException: Failed to start the session because headers have already been sent by \"/vagrant/app/cache/prod/classes.php\" at line 5046. at /vagrant/app/cache/prod/classes.php:105)"} []
[2013-08-18 02:25:48] security.DEBUG: Write SecurityContext in the session [] []
[2013-08-18 11:10:02] request.ERROR: Uncaught PHP Exception Symfony\Component\HttpKernel\Exception\NotFoundHttpException: "No route found for "GET /app_dev.phpogin"" at /vagrant/app/cache/prod/classes.php line 1880 {"exception":"[object] (Symfony\\Component\\HttpKernel\\Exception\\NotFoundHttpException: No route found for \"GET /app_dev.phpogin\" at /vagrant/app/cache/prod/classes.php:1880, Symfony\\Component\\Routing\\Exception\\ResourceNotFoundException:  at /vagrant/app/cache/prod/appProdUrlMatcher.php:332)"} []
[2013-08-18 12:41:13] request.ERROR: Uncaught PHP Exception Symfony\Component\HttpKernel\Exception\NotFoundHttpException: "No route found for "GET /_wdt/613c93"" at /vagrant/app/cache/prod/classes.php line 1880 {"exception":"[object] (Symfony\\Component\\HttpKernel\\Exception\\NotFoundHttpException: No route found for \"GET /_wdt/613c93\" at /vagrant/app/cache/prod/classes.php:1880, Symfony\\Component\\Routing\\Exception\\ResourceNotFoundException:  at /vagrant/app/cache/prod/appProdUrlMatcher.php:332)"} []
[2013-08-18 12:41:15] request.ERROR: Uncaught PHP Exception Symfony\Component\HttpKernel\Exception\NotFoundHttpException: "No route found for "GET /_profiler/613c93"" at /vagrant/app/cache/prod/classes.php line 1880 {"exception":"[object] (Symfony\\Component\\HttpKernel\\Exception\\NotFoundHttpException: No route found for \"GET /_profiler/613c93\" at /vagrant/app/cache/prod/classes.php:1880, Symfony\\Component\\Routing\\Exception\\ResourceNotFoundException:  at /vagrant/app/cache/prod/appProdUrlMatcher.php:332)"} []
[2013-08-18 13:10:08] request.ERROR: Uncaught PHP Exception Symfony\Component\HttpKernel\Exception\NotFoundHttpException: "No route found for "GET /uploads/media/media_bundle/images/files/admin/file.png"" at /vagrant/app/cache/prod/classes.php line 1880 {"exception":"[object] (Symfony\\Component\\HttpKernel\\Exception\\NotFoundHttpException: No route found for \"GET /uploads/media/media_bundle/images/files/admin/file.png\" at /vagrant/app/cache/prod/classes.php:1880, Symfony\\Component\\Routing\\Exception\\ResourceNotFoundException:  at /vagrant/app/cache/prod/appProdUrlMatcher.php:332)"} []
[2013-08-18 13:10:51] request.ERROR: Uncaught PHP Exception Symfony\Component\HttpKernel\Exception\NotFoundHttpException: "No route found for "GET /uploads/media/media_bundle/images/files/admin/file.png"" at /vagrant/app/cache/prod/classes.php line 1880 {"exception":"[object] (Symfony\\Component\\HttpKernel\\Exception\\NotFoundHttpException: No route found for \"GET /uploads/media/media_bundle/images/files/admin/file.png\" at /vagrant/app/cache/prod/classes.php:1880, Symfony\\Component\\Routing\\Exception\\ResourceNotFoundException:  at /vagrant/app/cache/prod/appProdUrlMatcher.php:332)"} []
[2013-08-18 14:36:54] request.ERROR: Uncaught PHP Exception Symfony\Component\HttpKernel\Exception\NotFoundHttpException: "No route found for "GET /uploads/media/media_bundle/images/files/admin/file.png"" at /vagrant/app/cache/prod/classes.php line 1880 {"exception":"[object] (Symfony\\Component\\HttpKernel\\Exception\\NotFoundHttpException: No route found for \"GET /uploads/media/media_bundle/images/files/admin/file.png\" at /vagrant/app/cache/prod/classes.php:1880, Symfony\\Component\\Routing\\Exception\\ResourceNotFoundException:  at /vagrant/app/cache/prod/appProdUrlMatcher.php:332)"} []
[2013-08-18 14:37:49] request.ERROR: Uncaught PHP Exception Symfony\Component\HttpKernel\Exception\NotFoundHttpException: "No route found for "GET /uploads/media/media_bundle/images/files/admin/file.png"" at /vagrant/app/cache/prod/classes.php line 1880 {"exception":"[object] (Symfony\\Component\\HttpKernel\\Exception\\NotFoundHttpException: No route found for \"GET /uploads/media/media_bundle/images/files/admin/file.png\" at /vagrant/app/cache/prod/classes.php:1880, Symfony\\Component\\Routing\\Exception\\ResourceNotFoundException:  at /vagrant/app/cache/prod/appProdUrlMatcher.php:332)"} []
[2013-08-18 20:24:48] request.ERROR: Uncaught PHP Exception Symfony\Component\HttpKernel\Exception\NotFoundHttpException: "No route found for "GET /uploads/media/media_bundle/images/files/admin/file.png"" at /vagrant/app/cache/prod/classes.php line 1880 {"exception":"[object] (Symfony\\Component\\HttpKernel\\Exception\\NotFoundHttpException: No route found for \"GET /uploads/media/media_bundle/images/files/admin/file.png\" at /vagrant/app/cache/prod/classes.php:1880, Symfony\\Component\\Routing\\Exception\\ResourceNotFoundException:  at /vagrant/app/cache/prod/appProdUrlMatcher.php:332)"} []
[2013-08-19 11:20:38] request.ERROR: Uncaught PHP Exception Symfony\Component\HttpKernel\Exception\NotFoundHttpException: "No route found for "GET /uploads/media/media_bundle/images/files/admin/file.png"" at /vagrant/app/cache/prod/classes.php line 1880 {"exception":"[object] (Symfony\\Component\\HttpKernel\\Exception\\NotFoundHttpException: No route found for \"GET /uploads/media/media_bundle/images/files/admin/file.png\" at /vagrant/app/cache/prod/classes.php:1880, Symfony\\Component\\Routing\\Exception\\ResourceNotFoundException:  at /vagrant/app/cache/prod/appProdUrlMatcher.php:332)"} []
